\BOOKMARK [0][-]{chapter*.1}{\376\377\000A\000c\000k\000n\000o\000w\000l\000e\000d\000g\000e\000m\000e\000n\000t\000s}{}% 1
\BOOKMARK [0][-]{chapter*.2}{\376\377\000A\000b\000s\000t\000r\000a\000c\000t}{}% 2
\BOOKMARK [0][-]{chapter*.3}{\376\377\000F\000r\000e\000n\000c\000h\000\040\000A\000b\000s\000t\000r\000a\000c\000t}{}% 3
\BOOKMARK [0][-]{chapter*.4}{\376\377\000A\000r\000a\000b\000i\000c\000\040\000A\000b\000s\000t\000r\000a\000c\000t}{}% 4
\BOOKMARK [0][-]{chapter*.5}{\376\377\000A\000b\000b\000r\000e\000v\000i\000a\000t\000i\000o\000n\000s}{}% 5
\BOOKMARK [0][-]{table.0.1}{\376\377\000L\000i\000s\000t\000\040\000o\000f\000\040\000C\000o\000n\000t\000e\000n\000t\000s}{}% 6
\BOOKMARK [0][-]{table.0.1}{\376\377\000L\000i\000s\000t\000\040\000o\000f\000\040\000F\000i\000g\000u\000r\000e\000s}{}% 7
\BOOKMARK [0][-]{chapter*.6}{\376\377\000G\000e\000n\000e\000r\000a\000l\000\040\000I\000n\000t\000r\000o\000d\000u\000c\000t\000i\000o\000n}{}% 8
\BOOKMARK [0][-]{chapter.1}{\376\377\000G\000e\000n\000e\000r\000a\000l\000\040\000C\000o\000n\000t\000e\000x\000t\000\040\000o\000f\000\040\000t\000h\000e\000\040\000P\000r\000o\000j\000e\000c\000t}{}% 9
\BOOKMARK [1][-]{section.1.1}{\376\377\000H\000o\000s\000t\000\040\000O\000r\000g\000a\000n\000i\000z\000a\000t\000i\000o\000n}{chapter.1}% 10
\BOOKMARK [2][-]{subsection.1.1.1}{\376\377\000P\000r\000e\000s\000e\000n\000t\000a\000t\000i\000o\000n}{section.1.1}% 11
\BOOKMARK [2][-]{subsection.1.1.2}{\376\377\000O\000r\000a\000c\000l\000e\000\040\000C\000o\000r\000p\000o\000r\000a\000t\000i\000o\000n}{section.1.1}% 12
\BOOKMARK [2][-]{subsection.1.1.3}{\376\377\000O\000r\000g\000a\000n\000i\000z\000a\000t\000i\000o\000n\000a\000l\000\040\000S\000t\000r\000u\000c\000t\000u\000r\000e}{section.1.1}% 13
\BOOKMARK [2][-]{subsection.1.1.4}{\376\377\000O\000r\000g\000a\000n\000i\000z\000a\000t\000i\000o\000n\000a\000l\000\040\000C\000u\000l\000t\000u\000r\000e}{section.1.1}% 14
\BOOKMARK [1][-]{section.1.2}{\376\377\000P\000r\000o\000j\000e\000c\000t\000\040\000F\000r\000a\000m\000e\000w\000o\000r\000k}{chapter.1}% 15
\BOOKMARK [2][-]{subsection.1.2.1}{\376\377\000O\000r\000a\000c\000l\000e\000\040\000L\000i\000n\000u\000x\000\040\000a\000n\000d\000\040\000V\000i\000r\000t\000u\000a\000l\000i\000z\000a\000t\000i\000o\000n}{section.1.2}% 16
\BOOKMARK [2][-]{subsection.1.2.2}{\376\377\000P\000r\000o\000j\000e\000c\000t\000\040\000C\000o\000n\000t\000e\000x\000t}{section.1.2}% 17
\BOOKMARK [2][-]{subsection.1.2.3}{\376\377\000P\000r\000o\000b\000l\000e\000m\000a\000t\000i\000c}{section.1.2}% 18
\BOOKMARK [2][-]{subsection.1.2.4}{\376\377\000O\000b\000j\000e\000c\000t\000i\000v\000e\000s}{section.1.2}% 19
\BOOKMARK [1][-]{section.1.3}{\376\377\000P\000r\000o\000j\000e\000c\000t\000\040\000M\000a\000n\000a\000g\000e\000m\000e\000n\000t}{chapter.1}% 20
\BOOKMARK [2][-]{subsection.1.3.1}{\376\377\000P\000r\000o\000g\000r\000e\000s\000s\000\040\000M\000o\000n\000i\000t\000o\000r\000i\000n\000g}{section.1.3}% 21
\BOOKMARK [2][-]{subsection.1.3.2}{\376\377\000C\000o\000l\000l\000a\000b\000o\000r\000a\000t\000i\000o\000n\000\040\000T\000o\000o\000l\000s}{section.1.3}% 22
\BOOKMARK [2][-]{subsection.1.3.3}{\376\377\000I\000n\000t\000e\000r\000n\000s\000h\000i\000p\000\040\000P\000l\000a\000n\000n\000i\000n\000g}{section.1.3}% 23
\BOOKMARK [1][-]{section.1.4}{\376\377\000C\000o\000n\000c\000l\000u\000s\000i\000o\000n}{chapter.1}% 24
\BOOKMARK [0][-]{chapter.2}{\376\377\000T\000e\000c\000h\000n\000i\000c\000a\000l\000\040\000F\000o\000u\000n\000d\000a\000t\000i\000o\000n\000s\000\040\000a\000n\000d\000\040\000P\000r\000o\000j\000e\000c\000t\000\040\000E\000s\000s\000e\000n\000t\000i\000a\000l\000s}{}% 25
\BOOKMARK [1][-]{section.2.1}{\376\377\000T\000e\000c\000h\000n\000i\000c\000a\000l\000\040\000B\000a\000c\000k\000g\000r\000o\000u\000n\000d}{chapter.2}% 26
\BOOKMARK [2][-]{subsection.2.1.1}{\376\377\000V\000i\000r\000t\000u\000a\000l\000i\000z\000a\000t\000i\000o\000n}{section.2.1}% 27
\BOOKMARK [2][-]{subsection.2.1.2}{\376\377\000O\000r\000a\000c\000l\000e\000\040\000L\000i\000n\000u\000x}{section.2.1}% 28
\BOOKMARK [2][-]{subsection.2.1.3}{\376\377\000U\000n\000b\000r\000e\000a\000k\000a\000b\000l\000e\000\040\000E\000n\000t\000e\000r\000p\000r\000i\000s\000e\000\040\000K\000e\000r\000n\000e\000l\000\040\000\050\000U\000E\000K\000\051}{section.2.1}% 29
\BOOKMARK [2][-]{subsection.2.1.4}{\376\377\000Q\000E\000M\000U}{section.2.1}% 30
\BOOKMARK [2][-]{subsection.2.1.5}{\376\377\000L\000i\000b\000v\000i\000r\000t}{section.2.1}% 31
\BOOKMARK [1][-]{section.2.2}{\376\377\000P\000r\000o\000j\000e\000c\000t\000\040\000R\000e\000q\000u\000i\000r\000e\000m\000e\000n\000t\000s}{chapter.2}% 32
\BOOKMARK [1][-]{section.2.3}{\376\377\000C\000o\000n\000c\000l\000u\000s\000i\000o\000n}{chapter.2}% 33
\BOOKMARK [0][-]{chapter.3}{\376\377\000I\000n\000t\000e\000r\000n\000s\000h\000i\000p\000\040\000T\000a\000s\000k\000s\000\040\000a\000n\000d\000\040\000T\000e\000s\000t\000i\000n\000g\000\040\000P\000r\000o\000c\000e\000d\000u\000r\000e\000s}{}% 34
\BOOKMARK [1][-]{section.3.1}{\376\377\000A\000n\000a\000l\000y\000z\000i\000n\000g\000\040\000T\000i\000c\000k\000e\000t\000\040\000I\000n\000f\000o\000r\000m\000a\000t\000i\000o\000n}{chapter.3}% 35
\BOOKMARK [2][-]{subsection.3.1.1}{\376\377\000Q\000E\000M\000U\000\040\000T\000e\000s\000t\000s}{section.3.1}% 36
\BOOKMARK [2][-]{subsection.3.1.2}{\376\377\000L\000i\000b\000v\000i\000r\000t\000\040\000T\000e\000s\000t\000s}{section.3.1}% 37
\BOOKMARK [1][-]{section.3.2}{\376\377\000E\000n\000v\000i\000r\000o\000n\000m\000e\000n\000t\000\040\000S\000e\000t\000u\000p}{chapter.3}% 38
\BOOKMARK [2][-]{subsection.3.2.1}{\376\377\000C\000r\000e\000a\000t\000i\000o\000n\000\040\000o\000f\000\040\000t\000h\000e\000\040\000I\000n\000s\000t\000a\000n\000c\000e}{section.3.2}% 39
\BOOKMARK [2][-]{subsection.3.2.2}{\376\377\000K\000e\000r\000n\000e\000l\000\040\000S\000e\000t\000u\000p\000\040\000o\000n\000\040\000H\000o\000s\000t}{section.3.2}% 40
\BOOKMARK [2][-]{subsection.3.2.3}{\376\377\000I\000n\000s\000t\000a\000l\000l\000a\000t\000i\000o\000n\000\040\000o\000f\000\040\000Q\000E\000M\000U\000\040\000a\000n\000d\000\040\000L\000i\000b\000v\000i\000r\000t}{section.3.2}% 41
\BOOKMARK [2][-]{subsection.3.2.4}{\376\377\000O\000V\000M\000F\000/\000A\000A\000V\000M\000F}{section.3.2}% 42
\BOOKMARK [2][-]{subsection.3.2.5}{\376\377\000I\000S\000O\000\040\000I\000n\000s\000t\000a\000l\000l\000a\000t\000i\000o\000n\000\040\000a\000n\000d\000\040\000I\000m\000a\000g\000e\000\040\000C\000r\000e\000a\000t\000i\000o\000n}{section.3.2}% 43
\BOOKMARK [2][-]{subsection.3.2.6}{\376\377\000C\000r\000e\000a\000t\000i\000n\000g\000\040\000t\000h\000e\000\040\000V\000M\000\040\000U\000s\000i\000n\000g\000\040\000Q\000E\000M\000U}{section.3.2}% 44
\BOOKMARK [2][-]{subsection.3.2.7}{\376\377\000C\000r\000e\000a\000t\000i\000n\000g\000\040\000t\000h\000e\000\040\000V\000M\000\040\000U\000s\000i\000n\000g\000\040\000L\000i\000b\000v\000i\000r\000t}{section.3.2}% 45
\BOOKMARK [2][-]{subsection.3.2.8}{\376\377\000I\000n\000t\000e\000r\000a\000c\000t\000i\000o\000n\000\040\000w\000i\000t\000h\000\040\000t\000h\000e\000\040\000V\000M}{section.3.2}% 46
\BOOKMARK [1][-]{section.3.3}{\376\377\000T\000e\000s\000t\000i\000n\000g\000\040\000P\000r\000o\000c\000e\000d\000u\000r\000e\000s}{chapter.3}% 47
\BOOKMARK [2][-]{subsection.3.3.1}{\376\377\000L\000i\000f\000e\000\040\000C\000y\000c\000l\000e\000\040\000T\000e\000s\000t\000i\000n\000g}{section.3.3}% 48
\BOOKMARK [2][-]{subsection.3.3.2}{\376\377\000V\000N\000I\000C\000\040\000H\000o\000t\000p\000l\000u\000g\000/\000U\000n\000p\000l\000u\000g}{section.3.3}% 49
\BOOKMARK [2][-]{subsection.3.3.3}{\376\377\000V\000F\000I\000O\000-\000V\000N\000I\000C\000\040\000H\000o\000t\000p\000l\000u\000g\000/\000U\000n\000p\000l\000u\000g}{section.3.3}% 50
\BOOKMARK [2][-]{subsection.3.3.4}{\376\377\000V\000D\000i\000s\000k\000\040\000H\000o\000t\000p\000l\000u\000g\000/\000U\000n\000p\000l\000u\000g}{section.3.3}% 51
\BOOKMARK [2][-]{subsection.3.3.5}{\376\377\000M\000e\000m\000o\000r\000y\000\040\000H\000o\000t\000p\000l\000u\000g\000/\000U\000n\000p\000l\000u\000g}{section.3.3}% 52
\BOOKMARK [2][-]{subsection.3.3.6}{\376\377\000V\000C\000P\000U\000\040\000H\000o\000t\000p\000l\000u\000g\000/\000U\000n\000p\000l\000u\000g}{section.3.3}% 53
\BOOKMARK [2][-]{subsection.3.3.7}{\376\377\000K\000d\000u\000m\000p\000\040\000C\000h\000e\000c\000k}{section.3.3}% 54
\BOOKMARK [2][-]{subsection.3.3.8}{\376\377\000B\000i\000g\000\040\000V\000M\000\040\0005\0000\0000\000G\000-\0001\000T\000\040\000B\000o\000o\000t\000\040\000T\000e\000s\000t}{section.3.3}% 55
\BOOKMARK [1][-]{section.3.4}{\376\377\000C\000o\000n\000c\000l\000u\000s\000i\000o\000n}{chapter.3}% 56
\BOOKMARK [0][-]{chapter.4}{\376\377\000T\000e\000s\000t\000s\000\040\000R\000e\000a\000l\000i\000z\000a\000t\000i\000o\000n\000\040\000a\000n\000d\000\040\000R\000e\000s\000u\000l\000t\000s}{}% 57
\BOOKMARK [1][-]{section.4.1}{\376\377\000T\000e\000s\000t\000\040\000o\000n\000\040\000O\000L\0008\000\040\000H\000o\000s\000t\000\040\000w\000i\000t\000h\000\040\000a\000n\000\040\000I\000n\000t\000e\000l\000\040\000C\000P\000U\000,\000\040\000Q\000E\000M\000U\000\040\000a\000n\000d\000\040\000l\000a\000t\000e\000s\000t\000\040\000k\000e\000r\000n\000e\000l\000\040\000v\000e\000r\000s\000i\000o\000n\000\040\000U\000E\000K\0007\000U\0002}{chapter.4}% 58
\BOOKMARK [2][-]{subsection.4.1.1}{\376\377\000H\000o\000s\000t\000\040\000S\000y\000s\000t\000e\000m\000\040\000C\000o\000n\000f\000i\000g\000u\000r\000a\000t\000i\000o\000n}{section.4.1}% 59
\BOOKMARK [2][-]{subsection.4.1.2}{\376\377\000G\000u\000e\000s\000t\000\040\000V\000i\000r\000t\000u\000a\000l\000\040\000M\000a\000c\000h\000i\000n\000e\000\040\000D\000e\000p\000l\000o\000y\000m\000e\000n\000t}{section.4.1}% 60
\BOOKMARK [2][-]{subsection.4.1.3}{\376\377\000T\000e\000s\000t\000\040\000E\000x\000e\000c\000u\000t\000i\000o\000n\000\040\000a\000n\000d\000\040\000P\000e\000r\000f\000o\000r\000m\000a\000n\000c\000e\000\040\000E\000v\000a\000l\000u\000a\000t\000i\000o\000n}{section.4.1}% 61
\BOOKMARK [1][-]{section.4.2}{\376\377\000T\000e\000s\000t\000\040\000o\000n\000\040\000O\000L\0008\000\040\000H\000o\000s\000t\000\040\000w\000i\000t\000h\000\040\000a\000n\000\040\000A\000M\000D\000\040\000C\000P\000U\000,\000\040\000Q\000E\000M\000U\000\040\000a\000n\000d\000\040\000l\000a\000t\000e\000s\000t\000\040\000k\000e\000r\000n\000e\000l\000\040\000v\000e\000r\000s\000i\000o\000n\000\040\000U\000E\000K\0006\000U\0003}{chapter.4}% 62
\BOOKMARK [2][-]{subsection.4.2.1}{\376\377\000H\000o\000s\000t\000\040\000S\000y\000s\000t\000e\000m\000\040\000a\000n\000d\000\040\000G\000u\000e\000s\000t\000\040\000V\000M\000\040\000C\000o\000n\000f\000i\000g\000u\000r\000a\000t\000i\000o\000n}{section.4.2}% 63
\BOOKMARK [2][-]{subsection.4.2.2}{\376\377\000T\000e\000s\000t\000\040\000E\000x\000e\000c\000u\000t\000i\000o\000n\000\040\000a\000n\000d\000\040\000P\000e\000r\000f\000o\000r\000m\000a\000n\000c\000e\000\040\000E\000v\000a\000l\000u\000a\000t\000i\000o\000n}{section.4.2}% 64
\BOOKMARK [1][-]{section.4.3}{\376\377\000T\000e\000s\000t\000\040\000o\000n\000\040\000O\000L\0008\000\040\000H\000o\000s\000t\000\040\000w\000i\000t\000h\000\040\000a\000n\000d\000\040\000A\000R\000M\000\040\000C\000P\000U\000,\000\040\000L\000i\000b\000v\000i\000r\000t\000,\000\040\000Q\000E\000M\000U\000\040\000a\000n\000d\000\040\000L\000a\000t\000e\000s\000t\000\040\000k\000e\000r\000n\000e\000l\000\040\000v\000e\000r\000s\000i\000o\000n\000\040\000U\000E\000K\0007\000U\0002}{chapter.4}% 65
\BOOKMARK [2][-]{subsection.4.3.1}{\376\377\000H\000o\000s\000t\000\040\000S\000y\000s\000t\000e\000m\000\040\000a\000n\000d\000\040\000G\000u\000e\000s\000t\000\040\000V\000M\000\040\000C\000o\000n\000f\000i\000g\000u\000r\000a\000t\000i\000o\000n}{section.4.3}% 66
\BOOKMARK [2][-]{subsection.4.3.2}{\376\377\000T\000e\000s\000t\000\040\000E\000x\000e\000c\000u\000t\000i\000o\000n\000\040\000a\000n\000d\000\040\000P\000e\000r\000f\000o\000r\000m\000a\000n\000c\000e\000\040\000E\000v\000a\000l\000u\000a\000t\000i\000o\000n}{section.4.3}% 67
\BOOKMARK [1][-]{section.4.4}{\376\377\000C\000o\000n\000c\000l\000u\000s\000i\000o\000n}{chapter.4}% 68
\BOOKMARK [0][-]{chapter*.7}{\376\377\000G\000e\000n\000e\000r\000a\000l\000\040\000C\000o\000n\000c\000l\000u\000s\000i\000o\000n}{}% 69
\BOOKMARK [0][-]{chapter*.8}{\376\377\000B\000i\000b\000l\000i\000o\000g\000r\000a\000p\000h\000y}{}% 70
